[debug] [2021-06-10T11:58:14.562Z] ----------------------------------------------------------------------
[debug] [2021-06-10T11:58:14.564Z] Command:       C:\Program Files\nodejs\node.exe C:\Users\hp\AppData\Roaming\npm\node_modules\firebase-tools\lib\bin\firebase.js emulators:start
[debug] [2021-06-10T11:58:14.564Z] CLI Version:   9.12.1
[debug] [2021-06-10T11:58:14.564Z] Platform:      win32
[debug] [2021-06-10T11:58:14.564Z] Node Version:  v14.16.0
[debug] [2021-06-10T11:58:14.565Z] Time:          Thu Jun 10 2021 17:28:14 GMT+0530 (India Standard Time)
[debug] [2021-06-10T11:58:14.566Z] ----------------------------------------------------------------------
[debug] 
[debug] [2021-06-10T11:58:14.574Z] > command requires scopes: ["email","openid","https://www.googleapis.com/auth/cloudplatformprojects.readonly","https://www.googleapis.com/auth/firebase","https://www.googleapis.com/auth/cloud-platform"]
[debug] [2021-06-10T11:58:14.574Z] > authorizing via signed-in user (ashishdubey20091999@gmail.com)
[info] i  emulators: Starting emulators: functions, hosting {"metadata":{"emulator":{"name":"hub"},"message":"Starting emulators: functions, hosting"}}
[debug] [2021-06-10T11:58:14.596Z] [hub] writing locator at C:\Users\hp\AppData\Local\Temp\hub-clone-55044.json
[warn] !  functions: The following emulators are not running, calls to these services from the Functions emulator will affect production: auth, firestore, database, pubsub, storage {"metadata":{"emulator":{"name":"functions"},"message":"The following emulators are not running, calls to these services from the Functions emulator will affect production: \u001b[1mauth, firestore, database, pubsub, storage\u001b[22m"}}
[info] +  functions: Using node@14 from host. {"metadata":{"emulator":{"name":"functions"},"message":"Using node@14 from host."}}
[debug] [2021-06-10T11:58:14.617Z] defaultcredentials: writing to file C:\Users\hp\AppData\Roaming\firebase\ashishdubey20091999_gmail_com_application_default_credentials.json
[debug] [2021-06-10T11:58:14.618Z] Setting GAC to C:\Users\hp\AppData\Roaming\firebase\ashishdubey20091999_gmail_com_application_default_credentials.json {"metadata":{"emulator":{"name":"functions"},"message":"Setting GAC to C:\\Users\\hp\\AppData\\Roaming\\firebase\\ashishdubey20091999_gmail_com_application_default_credentials.json"}}
[debug] [2021-06-10T11:58:14.619Z] > refreshing access token with scopes: []
[debug] [2021-06-10T11:58:14.620Z] >>> HTTP REQUEST POST https://www.googleapis.com/oauth2/v3/token  
 <request body omitted>
[debug] [2021-06-10T11:58:15.111Z] <<< HTTP RESPONSE 200 {"expires":"Mon, 01 Jan 1990 00:00:00 GMT","pragma":"no-cache","date":"Thu, 10 Jun 2021 11:58:18 GMT","cache-control":"no-cache, no-store, max-age=0, must-revalidate","content-type":"application/json; charset=utf-8","vary":"X-Origin, Referer, Origin,Accept-Encoding","server":"scaffolding on HTTPServer2","x-xss-protection":"0","x-frame-options":"SAMEORIGIN","x-content-type-options":"nosniff","alt-svc":"h3=\":443\"; ma=2592000,h3-29=\":443\"; ma=2592000,h3-T051=\":443\"; ma=2592000,h3-Q050=\":443\"; ma=2592000,h3-Q046=\":443\"; ma=2592000,h3-Q043=\":443\"; ma=2592000,quic=\":443\"; ma=2592000; v=\"46,43\"","accept-ranges":"none","transfer-encoding":"chunked"}
[debug] [2021-06-10T11:58:15.203Z] >>> [apiv2][query] GET https://firebase.googleapis.com/v1beta1/projects/clone-55044/adminSdkConfig [none]
[debug] [2021-06-10T11:58:16.091Z] <<< [apiv2][status] GET https://firebase.googleapis.com/v1beta1/projects/clone-55044/adminSdkConfig 200
[debug] [2021-06-10T11:58:16.092Z] <<< [apiv2][body] GET https://firebase.googleapis.com/v1beta1/projects/clone-55044/adminSdkConfig {"projectId":"clone-55044","storageBucket":"clone-55044.appspot.com","locationId":"us-central"}
[debug] [2021-06-10T11:58:16.172Z] >>> [apiv2][query] GET https://firebasehosting.googleapis.com/v1beta1/projects/clone-55044/sites 
[debug] [2021-06-10T11:58:18.233Z] <<< [apiv2][status] GET https://firebasehosting.googleapis.com/v1beta1/projects/clone-55044/sites 200
[debug] [2021-06-10T11:58:18.234Z] <<< [apiv2][body] GET https://firebasehosting.googleapis.com/v1beta1/projects/clone-55044/sites {"sites":[{"name":"projects/45734260278/sites/clone-55044","defaultUrl":"https://clone-55044.web.app","appId":"1:45734260278:web:b580e02d0cab35ebbf3297","type":"DEFAULT_SITE"}]}
[debug] [2021-06-10T11:58:18.235Z] >>> [apiv2][query] GET https://firebase.googleapis.com/v1beta1/projects/clone-55044/webApps/1:45734260278:web:b580e02d0cab35ebbf3297/config [none]
[debug] [2021-06-10T11:58:19.826Z] <<< [apiv2][status] GET https://firebase.googleapis.com/v1beta1/projects/clone-55044/webApps/1:45734260278:web:b580e02d0cab35ebbf3297/config 200
[debug] [2021-06-10T11:58:19.826Z] <<< [apiv2][body] GET https://firebase.googleapis.com/v1beta1/projects/clone-55044/webApps/1:45734260278:web:b580e02d0cab35ebbf3297/config {"projectId":"clone-55044","appId":"1:45734260278:web:b580e02d0cab35ebbf3297","storageBucket":"clone-55044.appspot.com","locationId":"us-central","apiKey":"AIzaSyB4-SxDx8JAVQK8dUfpeoQV8fhIAwMN3RQ","authDomain":"clone-55044.firebaseapp.com","messagingSenderId":"45734260278","measurementId":"G-CGSVW9MK9S"}
[info] i  hosting: Serving hosting files from: build {"metadata":{"emulator":{"name":"hosting"},"message":"Serving hosting files from: \u001b[1mbuild\u001b[22m"}}
[info] +  hosting: Local server: http://localhost:5000 {"metadata":{"emulator":{"name":"hosting"},"message":"Local server: \u001b[4m\u001b[1mhttp://localhost:5000\u001b[22m\u001b[24m"}}
[debug] [2021-06-10T11:58:19.906Z] Ignoring unsupported arg: auto_download {"metadata":{"emulator":{"name":"ui"},"message":"Ignoring unsupported arg: auto_download"}}
[debug] [2021-06-10T11:58:19.906Z] Ignoring unsupported arg: port {"metadata":{"emulator":{"name":"ui"},"message":"Ignoring unsupported arg: port"}}
[debug] [2021-06-10T11:58:19.906Z] Starting Emulator UI with command {"binary":"node","args":["C:\\Users\\hp\\.cache\\firebase\\emulators\\ui-v1.5.0\\server.bundle.js"],"optionalArgs":[],"joinArgs":false} {"metadata":{"emulator":{"name":"ui"},"message":"Starting Emulator UI with command {\"binary\":\"node\",\"args\":[\"C:\\\\Users\\\\hp\\\\.cache\\\\firebase\\\\emulators\\\\ui-v1.5.0\\\\server.bundle.js\"],\"optionalArgs\":[],\"joinArgs\":false}"}}
[info] i  ui: Emulator UI logging to ui-debug.log {"metadata":{"emulator":{"name":"ui"},"message":"Emulator UI logging to \u001b[1mui-debug.log\u001b[22m"}}
[debug] [2021-06-10T11:58:20.044Z] Web / API server started at http://localhost:4000
 {"metadata":{"emulator":{"name":"ui"},"message":"Web / API server started at http://localhost:4000\n"}}
[info] i  functions: Watching "C:\Users\hp\React-Projects\amazon-clone\functions" for Cloud Functions... {"metadata":{"emulator":{"name":"functions"},"message":"Watching \"C:\\Users\\hp\\React-Projects\\amazon-clone\\functions\" for Cloud Functions..."}}
[debug] [2021-06-10T11:58:20.210Z] [worker-pool] addWorker(~diagnostic~) {"metadata":{"emulator":{"name":"functions"},"message":"[worker-pool] addWorker(~diagnostic~)"}}
[debug] [2021-06-10T11:58:20.211Z] [worker-pool] Adding worker with key ~diagnostic~, total=1 {"metadata":{"emulator":{"name":"functions"},"message":"[worker-pool] Adding worker with key ~diagnostic~, total=1"}}
[debug] [2021-06-10T11:58:20.211Z] [worker-pool] submitWork(triggerId=) {"metadata":{"emulator":{"name":"functions"},"message":"[worker-pool] submitWork(triggerId=)"}}
[debug] [2021-06-10T11:58:20.211Z] [worker-~diagnostic~-e47a5d8a-1259-41a2-a1af-e1580b9d6c82]: Assigning socketPath: \\?\pipe\C:\Users\hp\React-Projects\amazon-clone\functions\19376 {"metadata":{"emulator":{"name":"functions"},"message":"[worker-~diagnostic~-e47a5d8a-1259-41a2-a1af-e1580b9d6c82]: Assigning socketPath: \\\\?\\pipe\\C:\\Users\\hp\\React-Projects\\amazon-clone\\functions\\19376"}}
[debug] [2021-06-10T11:58:20.212Z] [worker-~diagnostic~-e47a5d8a-1259-41a2-a1af-e1580b9d6c82]: BUSY {"metadata":{"emulator":{"name":"functions"},"message":"[worker-~diagnostic~-e47a5d8a-1259-41a2-a1af-e1580b9d6c82]: BUSY"}}
[debug] [2021-06-10T11:58:20.411Z] [runtime-status] [19376] Functions runtime initialized. {"cwd":"C:\\Users\\hp\\React-Projects\\amazon-clone\\functions","node_version":"14.16.0"} {"metadata":{"emulator":{"name":"functions"},"message":"[runtime-status] [19376] Functions runtime initialized. {\"cwd\":\"C:\\\\Users\\\\hp\\\\React-Projects\\\\amazon-clone\\\\functions\",\"node_version\":\"14.16.0\"}"}}
[debug] [2021-06-10T11:58:20.413Z] [runtime-status] [19376] Disabled runtime features: undefined {"metadata":{"emulator":{"name":"functions"},"message":"[runtime-status] [19376] Disabled runtime features: undefined"}}
[debug] [2021-06-10T11:58:20.416Z] [runtime-status] [19376] Resolved module firebase-admin {"declared":true,"installed":true,"version":"9.9.0","resolution":"C:\\Users\\hp\\React-Projects\\amazon-clone\\functions\\node_modules\\firebase-admin\\lib\\index.js"} {"metadata":{"emulator":{"name":"functions"},"message":"[runtime-status] [19376] Resolved module firebase-admin {\"declared\":true,\"installed\":true,\"version\":\"9.9.0\",\"resolution\":\"C:\\\\Users\\\\hp\\\\React-Projects\\\\amazon-clone\\\\functions\\\\node_modules\\\\firebase-admin\\\\lib\\\\index.js\"}"}}
[debug] [2021-06-10T11:58:20.418Z] [runtime-status] [19376] Resolved module firebase-functions {"declared":true,"installed":true,"version":"3.14.1","resolution":"C:\\Users\\hp\\React-Projects\\amazon-clone\\functions\\node_modules\\firebase-functions\\lib\\index.js"} {"metadata":{"emulator":{"name":"functions"},"message":"[runtime-status] [19376] Resolved module firebase-functions {\"declared\":true,\"installed\":true,\"version\":\"3.14.1\",\"resolution\":\"C:\\\\Users\\\\hp\\\\React-Projects\\\\amazon-clone\\\\functions\\\\node_modules\\\\firebase-functions\\\\lib\\\\index.js\"}"}}
[debug] [2021-06-10T11:58:20.419Z] [runtime-status] [19376] Resolved module firebase-functions {"declared":true,"installed":true,"version":"3.14.1","resolution":"C:\\Users\\hp\\React-Projects\\amazon-clone\\functions\\node_modules\\firebase-functions\\lib\\index.js"} {"metadata":{"emulator":{"name":"functions"},"message":"[runtime-status] [19376] Resolved module firebase-functions {\"declared\":true,\"installed\":true,\"version\":\"3.14.1\",\"resolution\":\"C:\\\\Users\\\\hp\\\\React-Projects\\\\amazon-clone\\\\functions\\\\node_modules\\\\firebase-functions\\\\lib\\\\index.js\"}"}}
[debug] [2021-06-10T11:58:20.421Z] [runtime-status] [19376] Outgoing network have been stubbed. [{"name":"http","status":"mocked"},{"name":"http","status":"mocked"},{"name":"https","status":"mocked"},{"name":"https","status":"mocked"},{"name":"net","status":"mocked"}] {"metadata":{"emulator":{"name":"functions"},"message":"[runtime-status] [19376] Outgoing network have been stubbed. [{\"name\":\"http\",\"status\":\"mocked\"},{\"name\":\"http\",\"status\":\"mocked\"},{\"name\":\"https\",\"status\":\"mocked\"},{\"name\":\"https\",\"status\":\"mocked\"},{\"name\":\"net\",\"status\":\"mocked\"}]"}}
[debug] [2021-06-10T11:58:20.421Z] [runtime-status] [19376] Resolved module firebase-functions {"declared":true,"installed":true,"version":"3.14.1","resolution":"C:\\Users\\hp\\React-Projects\\amazon-clone\\functions\\node_modules\\firebase-functions\\lib\\index.js"} {"metadata":{"emulator":{"name":"functions"},"message":"[runtime-status] [19376] Resolved module firebase-functions {\"declared\":true,\"installed\":true,\"version\":\"3.14.1\",\"resolution\":\"C:\\\\Users\\\\hp\\\\React-Projects\\\\amazon-clone\\\\functions\\\\node_modules\\\\firebase-functions\\\\lib\\\\index.js\"}"}}
[debug] [2021-06-10T11:58:20.470Z] [runtime-status] [19376] Checked functions.config() {"config":{}} {"metadata":{"emulator":{"name":"functions"},"message":"[runtime-status] [19376] Checked functions.config() {\"config\":{}}"}}
[debug] [2021-06-10T11:58:20.471Z] [runtime-status] [19376] firebase-functions has been stubbed. {"functionsResolution":{"declared":true,"installed":true,"version":"3.14.1","resolution":"C:\\Users\\hp\\React-Projects\\amazon-clone\\functions\\node_modules\\firebase-functions\\lib\\index.js"}} {"metadata":{"emulator":{"name":"functions"},"message":"[runtime-status] [19376] firebase-functions has been stubbed. {\"functionsResolution\":{\"declared\":true,\"installed\":true,\"version\":\"3.14.1\",\"resolution\":\"C:\\\\Users\\\\hp\\\\React-Projects\\\\amazon-clone\\\\functions\\\\node_modules\\\\firebase-functions\\\\lib\\\\index.js\"}}"}}
[debug] [2021-06-10T11:58:20.471Z] [runtime-status] [19376] Resolved module firebase-functions {"declared":true,"installed":true,"version":"3.14.1","resolution":"C:\\Users\\hp\\React-Projects\\amazon-clone\\functions\\node_modules\\firebase-functions\\lib\\index.js"} {"metadata":{"emulator":{"name":"functions"},"message":"[runtime-status] [19376] Resolved module firebase-functions {\"declared\":true,\"installed\":true,\"version\":\"3.14.1\",\"resolution\":\"C:\\\\Users\\\\hp\\\\React-Projects\\\\amazon-clone\\\\functions\\\\node_modules\\\\firebase-functions\\\\lib\\\\index.js\"}"}}
[debug] [2021-06-10T11:58:20.472Z] [runtime-status] [19376] Resolved module firebase-admin {"declared":true,"installed":true,"version":"9.9.0","resolution":"C:\\Users\\hp\\React-Projects\\amazon-clone\\functions\\node_modules\\firebase-admin\\lib\\index.js"} {"metadata":{"emulator":{"name":"functions"},"message":"[runtime-status] [19376] Resolved module firebase-admin {\"declared\":true,\"installed\":true,\"version\":\"9.9.0\",\"resolution\":\"C:\\\\Users\\\\hp\\\\React-Projects\\\\amazon-clone\\\\functions\\\\node_modules\\\\firebase-admin\\\\lib\\\\index.js\"}"}}
[debug] [2021-06-10T11:58:20.472Z] [runtime-status] [19376] Resolved module firebase-functions {"declared":true,"installed":true,"version":"3.14.1","resolution":"C:\\Users\\hp\\React-Projects\\amazon-clone\\functions\\node_modules\\firebase-functions\\lib\\index.js"} {"metadata":{"emulator":{"name":"functions"},"message":"[runtime-status] [19376] Resolved module firebase-functions {\"declared\":true,\"installed\":true,\"version\":\"3.14.1\",\"resolution\":\"C:\\\\Users\\\\hp\\\\React-Projects\\\\amazon-clone\\\\functions\\\\node_modules\\\\firebase-functions\\\\lib\\\\index.js\"}"}}
[debug] [2021-06-10T11:58:20.473Z] [runtime-status] [19376] firebase-admin has been stubbed. {"adminResolution":{"declared":true,"installed":true,"version":"9.9.0","resolution":"C:\\Users\\hp\\React-Projects\\amazon-clone\\functions\\node_modules\\firebase-admin\\lib\\index.js"}} {"metadata":{"emulator":{"name":"functions"},"message":"[runtime-status] [19376] firebase-admin has been stubbed. {\"adminResolution\":{\"declared\":true,\"installed\":true,\"version\":\"9.9.0\",\"resolution\":\"C:\\\\Users\\\\hp\\\\React-Projects\\\\amazon-clone\\\\functions\\\\node_modules\\\\firebase-admin\\\\lib\\\\index.js\"}}"}}
[info] +  functions[us-central1-api]: http function initialized (http://localhost:5001/clone-55044/us-central1/api). {"metadata":{"emulator":{"name":"functions"},"message":"\u001b[1mhttp\u001b[22m function initialized (http://localhost:5001/clone-55044/us-central1/api)."}}
[info] 
┌─────────────────────────────────────────────────────────────┐
│ ✔  All emulators ready! It is now safe to connect your app. │
│ i  View Emulator UI at http://localhost:4000                │
└─────────────────────────────────────────────────────────────┘

┌───────────┬────────────────┬─────────────────────────────────┐
│ Emulator  │ Host:Port      │ View in Emulator UI             │
├───────────┼────────────────┼─────────────────────────────────┤
│ Functions │ localhost:5001 │ http://localhost:4000/functions │
├───────────┼────────────────┼─────────────────────────────────┤
│ Hosting   │ localhost:5000 │ n/a                             │
└───────────┴────────────────┴─────────────────────────────────┘
  Emulator Hub running at localhost:4400
  Other reserved ports: 4500

Issues? Report them at https://github.com/firebase/firebase-tools/issues and attach the *-debug.log files.
 
[debug] [2021-06-10T11:58:20.653Z] [worker-~diagnostic~-e47a5d8a-1259-41a2-a1af-e1580b9d6c82]: IDLE {"metadata":{"emulator":{"name":"functions"},"message":"[worker-~diagnostic~-e47a5d8a-1259-41a2-a1af-e1580b9d6c82]: IDLE"}}
[debug] [2021-06-10T12:04:28.195Z] [work-queue] {"queueLength":1,"workRunningCount":0}
[debug] [2021-06-10T12:04:28.195Z] [work-queue] {"queueLength":0,"workRunningCount":1}
[debug] [2021-06-10T12:04:28.195Z] Accepted request POST /clone-55044/us-central1/api/payments/create?total=109498 --> us-central1-api
[debug] [2021-06-10T12:04:28.200Z] [worker-pool] addWorker(us-central1-api) {"metadata":{"emulator":{"name":"functions"},"message":"[worker-pool] addWorker(us-central1-api)"}}
[debug] [2021-06-10T12:04:28.201Z] [worker-pool] Adding worker with key us-central1-api, total=1 {"metadata":{"emulator":{"name":"functions"},"message":"[worker-pool] Adding worker with key us-central1-api, total=1"}}
[debug] [2021-06-10T12:04:28.201Z] [worker-pool] submitWork(triggerId=us-central1-api) {"metadata":{"emulator":{"name":"functions"},"message":"[worker-pool] submitWork(triggerId=us-central1-api)"}}
[debug] [2021-06-10T12:04:28.202Z] [worker-us-central1-api-26e1c809-e2ed-4070-8693-b1d7d6369309]: Assigning socketPath: \\?\pipe\C:\Users\hp\React-Projects\amazon-clone\functions\15940 {"metadata":{"emulator":{"name":"functions"},"message":"[worker-us-central1-api-26e1c809-e2ed-4070-8693-b1d7d6369309]: Assigning socketPath: \\\\?\\pipe\\C:\\Users\\hp\\React-Projects\\amazon-clone\\functions\\15940"}}
[debug] [2021-06-10T12:04:28.202Z] [worker-us-central1-api-26e1c809-e2ed-4070-8693-b1d7d6369309]: BUSY {"metadata":{"emulator":{"name":"functions"},"message":"[worker-us-central1-api-26e1c809-e2ed-4070-8693-b1d7d6369309]: BUSY"}}
[debug] [2021-06-10T12:04:28.481Z] [runtime-status] [15940] Functions runtime initialized. {"cwd":"C:\\Users\\hp\\React-Projects\\amazon-clone\\functions","node_version":"14.16.0"} {"metadata":{"emulator":{"name":"functions"},"function":{"name":"us-central1-api"},"message":"[runtime-status] [15940] Functions runtime initialized. {\"cwd\":\"C:\\\\Users\\\\hp\\\\React-Projects\\\\amazon-clone\\\\functions\",\"node_version\":\"14.16.0\"}"}}
[debug] [2021-06-10T12:04:28.486Z] [runtime-status] [15940] Disabled runtime features: undefined {"metadata":{"emulator":{"name":"functions"},"function":{"name":"us-central1-api"},"message":"[runtime-status] [15940] Disabled runtime features: undefined"}}
[debug] [2021-06-10T12:04:28.492Z] [runtime-status] [15940] Resolved module firebase-admin {"declared":true,"installed":true,"version":"9.9.0","resolution":"C:\\Users\\hp\\React-Projects\\amazon-clone\\functions\\node_modules\\firebase-admin\\lib\\index.js"} {"metadata":{"emulator":{"name":"functions"},"function":{"name":"us-central1-api"},"message":"[runtime-status] [15940] Resolved module firebase-admin {\"declared\":true,\"installed\":true,\"version\":\"9.9.0\",\"resolution\":\"C:\\\\Users\\\\hp\\\\React-Projects\\\\amazon-clone\\\\functions\\\\node_modules\\\\firebase-admin\\\\lib\\\\index.js\"}"}}
[debug] [2021-06-10T12:04:28.497Z] [runtime-status] [15940] Resolved module firebase-functions {"declared":true,"installed":true,"version":"3.14.1","resolution":"C:\\Users\\hp\\React-Projects\\amazon-clone\\functions\\node_modules\\firebase-functions\\lib\\index.js"} {"metadata":{"emulator":{"name":"functions"},"function":{"name":"us-central1-api"},"message":"[runtime-status] [15940] Resolved module firebase-functions {\"declared\":true,\"installed\":true,\"version\":\"3.14.1\",\"resolution\":\"C:\\\\Users\\\\hp\\\\React-Projects\\\\amazon-clone\\\\functions\\\\node_modules\\\\firebase-functions\\\\lib\\\\index.js\"}"}}
[debug] [2021-06-10T12:04:28.498Z] [runtime-status] [15940] Resolved module firebase-functions {"declared":true,"installed":true,"version":"3.14.1","resolution":"C:\\Users\\hp\\React-Projects\\amazon-clone\\functions\\node_modules\\firebase-functions\\lib\\index.js"} {"metadata":{"emulator":{"name":"functions"},"function":{"name":"us-central1-api"},"message":"[runtime-status] [15940] Resolved module firebase-functions {\"declared\":true,\"installed\":true,\"version\":\"3.14.1\",\"resolution\":\"C:\\\\Users\\\\hp\\\\React-Projects\\\\amazon-clone\\\\functions\\\\node_modules\\\\firebase-functions\\\\lib\\\\index.js\"}"}}
[debug] [2021-06-10T12:04:28.500Z] [runtime-status] [15940] Outgoing network have been stubbed. [{"name":"http","status":"mocked"},{"name":"http","status":"mocked"},{"name":"https","status":"mocked"},{"name":"https","status":"mocked"},{"name":"net","status":"mocked"}] {"metadata":{"emulator":{"name":"functions"},"function":{"name":"us-central1-api"},"message":"[runtime-status] [15940] Outgoing network have been stubbed. [{\"name\":\"http\",\"status\":\"mocked\"},{\"name\":\"http\",\"status\":\"mocked\"},{\"name\":\"https\",\"status\":\"mocked\"},{\"name\":\"https\",\"status\":\"mocked\"},{\"name\":\"net\",\"status\":\"mocked\"}]"}}
[debug] [2021-06-10T12:04:28.501Z] [runtime-status] [15940] Resolved module firebase-functions {"declared":true,"installed":true,"version":"3.14.1","resolution":"C:\\Users\\hp\\React-Projects\\amazon-clone\\functions\\node_modules\\firebase-functions\\lib\\index.js"} {"metadata":{"emulator":{"name":"functions"},"function":{"name":"us-central1-api"},"message":"[runtime-status] [15940] Resolved module firebase-functions {\"declared\":true,\"installed\":true,\"version\":\"3.14.1\",\"resolution\":\"C:\\\\Users\\\\hp\\\\React-Projects\\\\amazon-clone\\\\functions\\\\node_modules\\\\firebase-functions\\\\lib\\\\index.js\"}"}}
[debug] [2021-06-10T12:04:28.581Z] [runtime-status] [15940] Checked functions.config() {"config":{}} {"metadata":{"emulator":{"name":"functions"},"function":{"name":"us-central1-api"},"message":"[runtime-status] [15940] Checked functions.config() {\"config\":{}}"}}
[debug] [2021-06-10T12:04:28.581Z] [runtime-status] [15940] firebase-functions has been stubbed. {"functionsResolution":{"declared":true,"installed":true,"version":"3.14.1","resolution":"C:\\Users\\hp\\React-Projects\\amazon-clone\\functions\\node_modules\\firebase-functions\\lib\\index.js"}} {"metadata":{"emulator":{"name":"functions"},"function":{"name":"us-central1-api"},"message":"[runtime-status] [15940] firebase-functions has been stubbed. {\"functionsResolution\":{\"declared\":true,\"installed\":true,\"version\":\"3.14.1\",\"resolution\":\"C:\\\\Users\\\\hp\\\\React-Projects\\\\amazon-clone\\\\functions\\\\node_modules\\\\firebase-functions\\\\lib\\\\index.js\"}}"}}
[debug] [2021-06-10T12:04:28.581Z] [runtime-status] [15940] Resolved module firebase-functions {"declared":true,"installed":true,"version":"3.14.1","resolution":"C:\\Users\\hp\\React-Projects\\amazon-clone\\functions\\node_modules\\firebase-functions\\lib\\index.js"} {"metadata":{"emulator":{"name":"functions"},"function":{"name":"us-central1-api"},"message":"[runtime-status] [15940] Resolved module firebase-functions {\"declared\":true,\"installed\":true,\"version\":\"3.14.1\",\"resolution\":\"C:\\\\Users\\\\hp\\\\React-Projects\\\\amazon-clone\\\\functions\\\\node_modules\\\\firebase-functions\\\\lib\\\\index.js\"}"}}
[debug] [2021-06-10T12:04:28.582Z] [runtime-status] [15940] Resolved module firebase-admin {"declared":true,"installed":true,"version":"9.9.0","resolution":"C:\\Users\\hp\\React-Projects\\amazon-clone\\functions\\node_modules\\firebase-admin\\lib\\index.js"} {"metadata":{"emulator":{"name":"functions"},"function":{"name":"us-central1-api"},"message":"[runtime-status] [15940] Resolved module firebase-admin {\"declared\":true,\"installed\":true,\"version\":\"9.9.0\",\"resolution\":\"C:\\\\Users\\\\hp\\\\React-Projects\\\\amazon-clone\\\\functions\\\\node_modules\\\\firebase-admin\\\\lib\\\\index.js\"}"}}
[debug] [2021-06-10T12:04:28.583Z] [runtime-status] [15940] Resolved module firebase-functions {"declared":true,"installed":true,"version":"3.14.1","resolution":"C:\\Users\\hp\\React-Projects\\amazon-clone\\functions\\node_modules\\firebase-functions\\lib\\index.js"} {"metadata":{"emulator":{"name":"functions"},"function":{"name":"us-central1-api"},"message":"[runtime-status] [15940] Resolved module firebase-functions {\"declared\":true,\"installed\":true,\"version\":\"3.14.1\",\"resolution\":\"C:\\\\Users\\\\hp\\\\React-Projects\\\\amazon-clone\\\\functions\\\\node_modules\\\\firebase-functions\\\\lib\\\\index.js\"}"}}
[debug] [2021-06-10T12:04:28.583Z] [runtime-status] [15940] firebase-admin has been stubbed. {"adminResolution":{"declared":true,"installed":true,"version":"9.9.0","resolution":"C:\\Users\\hp\\React-Projects\\amazon-clone\\functions\\node_modules\\firebase-admin\\lib\\index.js"}} {"metadata":{"emulator":{"name":"functions"},"function":{"name":"us-central1-api"},"message":"[runtime-status] [15940] firebase-admin has been stubbed. {\"adminResolution\":{\"declared\":true,\"installed\":true,\"version\":\"9.9.0\",\"resolution\":\"C:\\\\Users\\\\hp\\\\React-Projects\\\\amazon-clone\\\\functions\\\\node_modules\\\\firebase-admin\\\\lib\\\\index.js\"}}"}}
[debug] [2021-06-10T12:04:28.781Z] [runtime-status] [15940] Trigger "us-central1-api" has been found, beginning invocation! {"metadata":{"emulator":{"name":"functions"},"function":{"name":"us-central1-api"},"message":"[runtime-status] [15940] Trigger \"us-central1-api\" has been found, beginning invocation!"}}
[info] i  functions: Beginning execution of "us-central1-api" {"metadata":{"emulator":{"name":"functions"},"function":{"name":"us-central1-api"},"message":"Beginning execution of \"us-central1-api\""}}
[debug] [2021-06-10T12:04:28.782Z] [runtime-status] [15940] triggerDefinition {"httpsTrigger":{},"name":"api","entryPoint":"api","regions":["us-central1"],"region":"us-central1","id":"us-central1-api"} {"metadata":{"emulator":{"name":"functions"},"function":{"name":"us-central1-api"},"message":"[runtime-status] [15940] triggerDefinition {\"httpsTrigger\":{},\"name\":\"api\",\"entryPoint\":\"api\",\"regions\":[\"us-central1\"],\"region\":\"us-central1\",\"id\":\"us-central1-api\"}"}}
[debug] [2021-06-10T12:04:28.782Z] [runtime-status] [15940] Running us-central1-api in mode HTTPS {"metadata":{"emulator":{"name":"functions"},"function":{"name":"us-central1-api"},"message":"[runtime-status] [15940] Running us-central1-api in mode HTTPS"}}
[debug] [2021-06-10T12:04:28.785Z] [runtime-status] [15940] Attempting to listen to socketPath: \\?\pipe\C:\Users\hp\React-Projects\amazon-clone\functions\15940 {"metadata":{"emulator":{"name":"functions"},"function":{"name":"us-central1-api"},"message":"[runtime-status] [15940] Attempting to listen to socketPath: \\\\?\\pipe\\C:\\Users\\hp\\React-Projects\\amazon-clone\\functions\\15940"}}
[debug] [2021-06-10T12:04:28.787Z] [functions] Runtime ready! Sending request! {"metadata":{"emulator":{"name":"functions"},"message":"[functions] Runtime ready! Sending request!"}}
[debug] [2021-06-10T12:04:28.788Z] [functions] Got req.url=/clone-55044/us-central1/api/payments/create?total=109498, mapping to path=/payments/create?total=109498 {"metadata":{"emulator":{"name":"functions"},"message":"[functions] Got req.url=/clone-55044/us-central1/api/payments/create?total=109498, mapping to path=/payments/create?total=109498"}}
[debug] [2021-06-10T12:04:28.797Z] [runtime-status] [15940] Ephemeral server handling POST request {"metadata":{"emulator":{"name":"functions"},"function":{"name":"us-central1-api"},"message":"[runtime-status] [15940] Ephemeral server handling POST request"}}
[info] >  payment request recieved >>> 109498 {"user":"payment request recieved >>> 109498","metadata":{"emulator":{"name":"functions"},"function":{"name":"us-central1-api"},"message":"\u001b[90m> \u001b[39m payment request recieved >>> 109498"}}
[debug] [2021-06-10T12:04:28.809Z] [runtime-status] [15940] Ephemeral server survived. {"metadata":{"emulator":{"name":"functions"},"function":{"name":"us-central1-api"},"message":"[runtime-status] [15940] Ephemeral server survived."}}
[info] i  functions: Finished "us-central1-api" in ~1s {"metadata":{"emulator":{"name":"functions"},"function":{"name":"us-central1-api"},"message":"Finished \"us-central1-api\" in ~1s"}}
[debug] [2021-06-10T12:04:29.660Z] [worker-us-central1-api-26e1c809-e2ed-4070-8693-b1d7d6369309]: IDLE {"metadata":{"emulator":{"name":"functions"},"message":"[worker-us-central1-api-26e1c809-e2ed-4070-8693-b1d7d6369309]: IDLE"}}
[debug] [2021-06-10T12:04:29.660Z] [work-queue] {"queueLength":0,"workRunningCount":0}
[debug] [2021-06-10T12:04:57.812Z] [work-queue] {"queueLength":1,"workRunningCount":0}
[debug] [2021-06-10T12:04:57.813Z] [work-queue] {"queueLength":0,"workRunningCount":1}
[debug] [2021-06-10T12:04:57.813Z] Accepted request POST /clone-55044/us-central1/api/payments/create?total=0 --> us-central1-api
[debug] [2021-06-10T12:04:57.813Z] [worker-pool] submitWork(triggerId=us-central1-api) {"metadata":{"emulator":{"name":"functions"},"message":"[worker-pool] submitWork(triggerId=us-central1-api)"}}
[debug] [2021-06-10T12:04:57.813Z] [worker-us-central1-api-26e1c809-e2ed-4070-8693-b1d7d6369309]: Assigning socketPath: \\?\pipe\C:\Users\hp\React-Projects\amazon-clone\functions\15940 {"metadata":{"emulator":{"name":"functions"},"message":"[worker-us-central1-api-26e1c809-e2ed-4070-8693-b1d7d6369309]: Assigning socketPath: \\\\?\\pipe\\C:\\Users\\hp\\React-Projects\\amazon-clone\\functions\\15940"}}
[debug] [2021-06-10T12:04:57.813Z] [worker-us-central1-api-26e1c809-e2ed-4070-8693-b1d7d6369309]: BUSY {"metadata":{"emulator":{"name":"functions"},"message":"[worker-us-central1-api-26e1c809-e2ed-4070-8693-b1d7d6369309]: BUSY"}}
[debug] [2021-06-10T12:04:57.814Z] [runtime-status] [15940] Trigger "us-central1-api" has been found, beginning invocation! {"metadata":{"emulator":{"name":"functions"},"function":{"name":"us-central1-api"},"message":"[runtime-status] [15940] Trigger \"us-central1-api\" has been found, beginning invocation!"}}
[info] i  functions: Beginning execution of "us-central1-api" {"metadata":{"emulator":{"name":"functions"},"function":{"name":"us-central1-api"},"message":"Beginning execution of \"us-central1-api\""}}
[debug] [2021-06-10T12:04:57.815Z] [runtime-status] [15940] triggerDefinition {"httpsTrigger":{},"name":"api","entryPoint":"api","regions":["us-central1"],"region":"us-central1","id":"us-central1-api"} {"metadata":{"emulator":{"name":"functions"},"function":{"name":"us-central1-api"},"message":"[runtime-status] [15940] triggerDefinition {\"httpsTrigger\":{},\"name\":\"api\",\"entryPoint\":\"api\",\"regions\":[\"us-central1\"],\"region\":\"us-central1\",\"id\":\"us-central1-api\"}"}}
[debug] [2021-06-10T12:04:57.816Z] [runtime-status] [15940] Running us-central1-api in mode HTTPS {"metadata":{"emulator":{"name":"functions"},"function":{"name":"us-central1-api"},"message":"[runtime-status] [15940] Running us-central1-api in mode HTTPS"}}
[debug] [2021-06-10T12:04:57.816Z] [runtime-status] [15940] Attempting to listen to socketPath: \\?\pipe\C:\Users\hp\React-Projects\amazon-clone\functions\15940 {"metadata":{"emulator":{"name":"functions"},"function":{"name":"us-central1-api"},"message":"[runtime-status] [15940] Attempting to listen to socketPath: \\\\?\\pipe\\C:\\Users\\hp\\React-Projects\\amazon-clone\\functions\\15940"}}
[debug] [2021-06-10T12:04:57.817Z] [functions] Runtime ready! Sending request! {"metadata":{"emulator":{"name":"functions"},"message":"[functions] Runtime ready! Sending request!"}}
[debug] [2021-06-10T12:04:57.817Z] [functions] Got req.url=/clone-55044/us-central1/api/payments/create?total=0, mapping to path=/payments/create?total=0 {"metadata":{"emulator":{"name":"functions"},"message":"[functions] Got req.url=/clone-55044/us-central1/api/payments/create?total=0, mapping to path=/payments/create?total=0"}}
[debug] [2021-06-10T12:04:57.819Z] [runtime-status] [15940] Ephemeral server handling POST request {"metadata":{"emulator":{"name":"functions"},"function":{"name":"us-central1-api"},"message":"[runtime-status] [15940] Ephemeral server handling POST request"}}
[info] >  payment request recieved >>> 0 {"user":"payment request recieved >>> 0","metadata":{"emulator":{"name":"functions"},"function":{"name":"us-central1-api"},"message":"\u001b[90m> \u001b[39m payment request recieved >>> 0"}}
[debug] [2021-06-10T12:04:57.821Z] [runtime-status] [15940] Ephemeral server survived. {"metadata":{"emulator":{"name":"functions"},"function":{"name":"us-central1-api"},"message":"[runtime-status] [15940] Ephemeral server survived."}}
[info] >  (node:15940) UnhandledPromiseRejectionWarning: Error: This value must be greater than or equal to 1. {"user":"(node:15940) UnhandledPromiseRejectionWarning: Error: This value must be greater than or equal to 1.","metadata":{"emulator":{"name":"functions"},"function":{"name":"us-central1-api"},"message":"\u001b[90m> \u001b[39m (node:15940) UnhandledPromiseRejectionWarning: Error: This value must be greater than or equal to 1."}}
[info] >      at Function.generate (C:\Users\hp\React-Projects\amazon-clone\functions\node_modules\stripe\lib\Error.js:40:16) {"user":"    at Function.generate (C:\\Users\\hp\\React-Projects\\amazon-clone\\functions\\node_modules\\stripe\\lib\\Error.js:40:16)","metadata":{"emulator":{"name":"functions"},"function":{"name":"us-central1-api"},"message":"\u001b[90m> \u001b[39m     at Function.generate (C:\\Users\\hp\\React-Projects\\amazon-clone\\functions\\node_modules\\stripe\\lib\\Error.js:40:16)"}}
[info] >      at IncomingMessage.<anonymous> (C:\Users\hp\React-Projects\amazon-clone\functions\node_modules\stripe\lib\StripeResource.js:180:33) {"user":"    at IncomingMessage.<anonymous> (C:\\Users\\hp\\React-Projects\\amazon-clone\\functions\\node_modules\\stripe\\lib\\StripeResource.js:180:33)","metadata":{"emulator":{"name":"functions"},"function":{"name":"us-central1-api"},"message":"\u001b[90m> \u001b[39m     at IncomingMessage.<anonymous> (C:\\Users\\hp\\React-Projects\\amazon-clone\\functions\\node_modules\\stripe\\lib\\StripeResource.js:180:33)"}}
[info] >      at Object.onceWrapper (events.js:421:28) {"user":"    at Object.onceWrapper (events.js:421:28)","metadata":{"emulator":{"name":"functions"},"function":{"name":"us-central1-api"},"message":"\u001b[90m> \u001b[39m     at Object.onceWrapper (events.js:421:28)"}}
[info] >      at IncomingMessage.emit (events.js:327:22) {"user":"    at IncomingMessage.emit (events.js:327:22)","metadata":{"emulator":{"name":"functions"},"function":{"name":"us-central1-api"},"message":"\u001b[90m> \u001b[39m     at IncomingMessage.emit (events.js:327:22)"}}
[info] >      at endReadableNT (internal/streams/readable.js:1327:12) {"user":"    at endReadableNT (internal/streams/readable.js:1327:12)","metadata":{"emulator":{"name":"functions"},"function":{"name":"us-central1-api"},"message":"\u001b[90m> \u001b[39m     at endReadableNT (internal/streams/readable.js:1327:12)"}}
[info] >      at processTicksAndRejections (internal/process/task_queues.js:80:21) {"user":"    at processTicksAndRejections (internal/process/task_queues.js:80:21)","metadata":{"emulator":{"name":"functions"},"function":{"name":"us-central1-api"},"message":"\u001b[90m> \u001b[39m     at processTicksAndRejections (internal/process/task_queues.js:80:21)"}}
[info] >  (Use `node --trace-warnings ...` to show where the warning was created) {"user":"(Use `node --trace-warnings ...` to show where the warning was created)","metadata":{"emulator":{"name":"functions"},"function":{"name":"us-central1-api"},"message":"\u001b[90m> \u001b[39m (Use `node --trace-warnings ...` to show where the warning was created)"}}
[info] >  (node:15940) UnhandledPromiseRejectionWarning: Unhandled promise rejection. This error originated either by throwing inside of an async function without a catch block, or by rejecting a promise which was not handled with .catch(). To terminate the node process on unhandled promise rejection, use the CLI flag `--unhandled-rejections=strict` (see https://nodejs.org/api/cli.html#cli_unhandled_rejections_mode). (rejection id: 1) {"user":"(node:15940) UnhandledPromiseRejectionWarning: Unhandled promise rejection. This error originated either by throwing inside of an async function without a catch block, or by rejecting a promise which was not handled with .catch(). To terminate the node process on unhandled promise rejection, use the CLI flag `--unhandled-rejections=strict` (see https://nodejs.org/api/cli.html#cli_unhandled_rejections_mode). (rejection id: 1)","metadata":{"emulator":{"name":"functions"},"function":{"name":"us-central1-api"},"message":"\u001b[90m> \u001b[39m (node:15940) UnhandledPromiseRejectionWarning: Unhandled promise rejection. This error originated either by throwing inside of an async function without a catch block, or by rejecting a promise which was not handled with .catch(). To terminate the node process on unhandled promise rejection, use the CLI flag `--unhandled-rejections=strict` (see https://nodejs.org/api/cli.html#cli_unhandled_rejections_mode). (rejection id: 1)"}}
[info] >  (node:15940) [DEP0018] DeprecationWarning: Unhandled promise rejections are deprecated. In the future, promise rejections that are not handled will terminate the Node.js process with a non-zero exit code. {"user":"(node:15940) [DEP0018] DeprecationWarning: Unhandled promise rejections are deprecated. In the future, promise rejections that are not handled will terminate the Node.js process with a non-zero exit code.","metadata":{"emulator":{"name":"functions"},"function":{"name":"us-central1-api"},"message":"\u001b[90m> \u001b[39m (node:15940) [DEP0018] DeprecationWarning: Unhandled promise rejections are deprecated. In the future, promise rejections that are not handled will terminate the Node.js process with a non-zero exit code."}}
[warn] !  functions: Your function timed out after ~60s. To configure this timeout, see
      https://firebase.google.com/docs/functions/manage-functions#set_timeout_and_memory_allocation. {"metadata":{"emulator":{"name":"functions"},"function":{"name":"us-central1-api"},"message":"Your function timed out after ~60s. To configure this timeout, see\n      https://firebase.google.com/docs/functions/manage-functions#set_timeout_and_memory_allocation."}}
[info] >  C:\Users\hp\AppData\Roaming\npm\node_modules\firebase-tools\lib\emulator\functionsEmulatorRuntime.js:648 {"user":"C:\\Users\\hp\\AppData\\Roaming\\npm\\node_modules\\firebase-tools\\lib\\emulator\\functionsEmulatorRuntime.js:648\r","metadata":{"emulator":{"name":"functions"},"function":{"name":"us-central1-api"},"message":"\u001b[90m> \u001b[39m C:\\Users\\hp\\AppData\\Roaming\\npm\\node_modules\\firebase-tools\\lib\\emulator\\functionsEmulatorRuntime.js:648\r"}}
[info] >              throw new Error("Function timed out."); {"user":"            throw new Error(\"Function timed out.\");\r","metadata":{"emulator":{"name":"functions"},"function":{"name":"us-central1-api"},"message":"\u001b[90m> \u001b[39m             throw new Error(\"Function timed out.\");\r"}}
[info] >              ^ {"user":"            ^\r","metadata":{"emulator":{"name":"functions"},"function":{"name":"us-central1-api"},"message":"\u001b[90m> \u001b[39m             ^\r"}}
[info] >   {"user":"\r","metadata":{"emulator":{"name":"functions"},"function":{"name":"us-central1-api"},"message":"\u001b[90m> \u001b[39m \r"}}
[info] >  Error: Function timed out. {"user":"Error: Function timed out.\r","metadata":{"emulator":{"name":"functions"},"function":{"name":"us-central1-api"},"message":"\u001b[90m> \u001b[39m Error: Function timed out.\r"}}
[info] >      at Timeout._onTimeout (C:\Users\hp\AppData\Roaming\npm\node_modules\firebase-tools\lib\emulator\functionsEmulatorRuntime.js:648:19) {"user":"    at Timeout._onTimeout (C:\\Users\\hp\\AppData\\Roaming\\npm\\node_modules\\firebase-tools\\lib\\emulator\\functionsEmulatorRuntime.js:648:19)\r","metadata":{"emulator":{"name":"functions"},"function":{"name":"us-central1-api"},"message":"\u001b[90m> \u001b[39m     at Timeout._onTimeout (C:\\Users\\hp\\AppData\\Roaming\\npm\\node_modules\\firebase-tools\\lib\\emulator\\functionsEmulatorRuntime.js:648:19)\r"}}
[info] >      at listOnTimeout (internal/timers.js:554:17) {"user":"    at listOnTimeout (internal/timers.js:554:17)\r","metadata":{"emulator":{"name":"functions"},"function":{"name":"us-central1-api"},"message":"\u001b[90m> \u001b[39m     at listOnTimeout (internal/timers.js:554:17)\r"}}
[info] >      at processTimers (internal/timers.js:497:7) {"user":"    at processTimers (internal/timers.js:497:7)\r","metadata":{"emulator":{"name":"functions"},"function":{"name":"us-central1-api"},"message":"\u001b[90m> \u001b[39m     at processTimers (internal/timers.js:497:7)\r"}}
[debug] [2021-06-10T12:05:57.855Z] [worker-us-central1-api-26e1c809-e2ed-4070-8693-b1d7d6369309]: exited {"metadata":{"emulator":{"name":"functions"},"message":"[worker-us-central1-api-26e1c809-e2ed-4070-8693-b1d7d6369309]: exited"}}
[debug] [2021-06-10T12:05:57.855Z] [worker-us-central1-api-26e1c809-e2ed-4070-8693-b1d7d6369309]: FINISHED {"metadata":{"emulator":{"name":"functions"},"message":"[worker-us-central1-api-26e1c809-e2ed-4070-8693-b1d7d6369309]: FINISHED"}}
[debug] [2021-06-10T12:05:57.856Z] [work-queue] {"queueLength":0,"workRunningCount":0}
